<?xml version="1.0" encoding="UTF-8"?>
<!-- Generated by org.testng.reporters.JUnitReportReporter -->
<testsuite skipped="0" hostname="NIP-023" name="com.obsquara.ExecutePage.ExecuteTimeSheetPage" tests="1" failures="0" timestamp="2021-05-12T08:45:14 IST" time="23.436" errors="0">
  <testcase name="testCase3GeneratePaySlipButtonDisableDruingBillGeneration" time="23.436" classname="com.obsquara.ExecutePage.ExecuteTimeSheetPage"/>
  <system-out/>
</testsuite> <!-- com.obsquara.ExecutePage.ExecuteTimeSheetPage -->
