<?xml version="1.0" encoding="UTF-8"?>
<!-- Generated by org.testng.reporters.JUnitReportReporter -->
<testsuite hostname="NIP-023" failures="0" tests="1" name="com.obsquara.ExecutePage.ExecuteWorkersPage" time="18.695" errors="0" timestamp="2021-05-13T08:58:19 IST" skipped="0">
  <testcase classname="com.obsquara.ExecutePage.ExecuteWorkersPage" name="testCase3VerifySearchFunctionality" time="18.695"/>
  <system-out/>
</testsuite> <!-- com.obsquara.ExecutePage.ExecuteWorkersPage -->
