<?xml version="1.0" encoding="UTF-8"?>
<!-- Generated by org.testng.reporters.JUnitReportReporter -->
<testsuite hostname="NIP-023" failures="0" tests="3" name="com.obsquara.ExecutePage.ExecuteClientPage" time="8.657" errors="0" timestamp="2021-05-13T08:48:39 IST" skipped="0">
  <testcase classname="com.obsquara.ExecutePage.ExecuteClientPage" name="testCase1" time="2.594"/>
  <system-out/>
  <testcase classname="com.obsquara.ExecutePage.ExecuteClientPage" name="testCase1" time="3.713"/>
  <system-out/>
  <testcase classname="com.obsquara.ExecutePage.ExecuteClientPage" name="testCase1" time="2.350"/>
  <system-out/>
</testsuite> <!-- com.obsquara.ExecutePage.ExecuteClientPage -->
